
Virtual City Exploration.
Madrid locates at 40.4167754, -3.7037902
there is 5 in Madrid
generating image for Plaza de España
A beautiful aerial view of Plaza de España in the heart of Madrid, Spain. The plaza features a stunning combination of architectural styles, with a grand central square surrounded by picturesque buildings adorned with intricate details. The iconic monument dedicated to Miguel de Cervantes stands proudly in the center of the plaza, adding a touch of history and culture. Capture the bustling atmosphere of the plaza, with people enjoying leisurely strolls, sitting on benches, and taking in the majestic surroundings. The image should showcase the vibrant colors and energy of the plaza, with warm sunlight casting soft shadows. Shot on a clear day with a high-resolution camera, offering crisp details and a wide perspective to truly capture the essence of Plaza de España in Madrid.
generating image for Convento de las Trinitarias Descalzas de San Ildefonso
Captivating view of the picturesque Convento de las Trinitarias Descalzas de San Ildefonso nestled in the historic town of Madrid. Show the convent's stunning architecture, featuring delicate stone carvings and arched doorways, surrounded by vibrant floral gardens. The image should showcase the serene atmosphere with nuns strolling through the courtyard in their traditional habits. Captured during golden hour, with warm sunlight casting soft shadows and adding a touch of ethereal glow. Shot using a high-resolution DSLR camera to capture intricate details, and with a narrow depth of field to enhance the focus on the convent.
generating image for Royal Palace of Madrid
The grand Royal Palace of Madrid, located in the historic town of Madrid, Spain. Showcasing its majestic architecture and intricate details. The palace stands tall against a clear blue sky, reflecting its regal splendor. Capture the essence of its rich history and royal heritage, with a touch of modern flair. Shot with a professional DSLR camera, using a wide-angle lens to capture the entire palace in one frame. Natural lighting illuminates the façade, bringing out the vibrant colors and highlighting the fine craftsmanship. Ensure crisp details, showcasing the intricate carvings and ornate decorations. Emphasize the scale of the palace by including surrounding elements such as the beautiful Plaza de Oriente and lush gardens.
generating image for Thyssen-Bornemisza Museum
An exquisite view of the Thyssen-Bornemisza Museum nestled in the heart of Madrid's enchanting town. The image captures the grandeur of the museum's beautiful architecture, with its intricate details and majestic presence. The surrounding area is bustling with energy, showcasing the vibrant city life and cultural richness that Madrid has to offer. Shot during the golden hour, the warm sunlight bathes the museum in a soft glow, illuminating its façade and creating a captivating play of light and shadows. The image is captured with a high-resolution camera, showcasing every minute detail of the museum's structure and the surrounding urban landscape. Vibrant colors and rich textures further enhance the beauty of this architectural masterpiece, making it a truly captivating image that transports viewers to the magical world of the Thyssen-Bornemisza Museum in Madrid.
generating image for National Museum of Romanticism
A charming view of the National Museum of Romanticism in the heart of Madrid, Spain. Capture the essence of 19th-century elegance with an image showcasing the majestic neoclassical architecture of the museum building. Frame the shot to highlight the intricate details of the façade, capturing the delicate decorative elements and ornate balconies. The image should radiate a romantic atmosphere with warm natural lighting, casting soft shadows on the surrounding cobblestone streets. Add a touch of nostalgia by including a horse-drawn carriage passing by or couples strolling hand in hand. Shot on a misty morning with a vintage lens to add a subtle dream-like quality.


### Cultural Insights ###
1. Madrid is known for its vibrant art scene, with world-class museums such as the Prado, Thyssen-Bornemisza, and Reina Sofia. These museums house some of the most renowned artworks, including masterpieces by artists like Picasso, Goya, and Velázquez.

2. The city is famous for its lively street life and socializing culture. Madrileños (residents of Madrid) love to meet friends and family at tapas bars and restaurants, enjoying the city's delicious cuisine and engaging in animated conversations.

3. Flamenco is an integral part of Madrid's cultural heritage. The city has numerous venues that showcase this passionate and soulful dance form, allowing visitors to experience the intensity and emotion of flamenco performances.

4. The bullfighting tradition is deeply rooted in Madrid's culture. The Plaza de Toros de Las Ventas is one of the most important bullrings in Spain and hosts bullfighting events during the San Isidro Festival in May. While controversial, bullfighting remains a significant cultural aspect of the city.

5. Madrid's historic center, known as Madrid de los Austrias, is a treasure trove of architectural gems. The area features stunning landmarks like the Royal Palace, Plaza Mayor, and Puerta del Sol, showcasing the city's rich history and royal heritage.

6. Madrid's nightlife is legendary, with an array of clubs, bars, and live music venues catering to all tastes. From traditional flamenco clubs to modern electronic music clubs, the city offers a diverse and vibrant nightlife scene that lasts well into the early hours of the morning.

7. The city hosts numerous festivals throughout the year, celebrating various cultural and religious traditions. One of the most famous is the San Isidro Festival, dedicated to Madrid's patron saint, which includes parades, concerts, and traditional dances.

8. Real Madrid, one of the world's most successful football clubs, is deeply embedded in Madrid's culture. The Santiago Bernabeu Stadium is a pilgrimage site for football fans, and attending a match or visiting the club's museum is a must-do experience for sports enthusiasts.

9. Madrid's parks and green spaces provide a respite from the bustling city center. The Retiro Park, with its beautiful lake and landscaped gardens, is a popular spot for leisurely walks, picnics, and outdoor activities.

10. Madrid's diverse immigrant population adds to the city's cultural fabric, resulting in a rich tapestry of international food, music, and traditions. From African to Latin American and Asian communities, Madrid embraces multiculturalism and offers a diverse range of experiences for residents and visitors alike.


### Common Phrases ###
Phrase/Expression: ¡Hola! ¿Qué tal?
English Meaning: Hello! How are you?

Phrase/Expression: ¿Dónde está la Plaza Mayor?
English Meaning: Where is Plaza Mayor?

Phrase/Expression: ¿Cómo llego al Museo del Prado?
English Meaning: How do I get to the Prado Museum?

Phrase/Expression: ¿Me recomiendas algún restaurante?
English Meaning: Can you recommend me a restaurant?

Phrase/Expression: ¡Gracias! Estoy muy contento/a.
English Meaning: Thank you! I am very happy.
Audio pronunciation:  ¡Hola! ¿Qué tal?, Hello! How are you?; ¿Dónde está la Plaza Mayor?, Where is Plaza Mayor?;
¿Cómo llego al Museo del Prado?, How do I get to the Prado Museum?;
¿Me recomiendas algún restaurante?, Can you recommend me a restaurant?;
¡Gracias! Estoy muy contento/a., Thank you! I am very happy.


### Historical Overview ###
1. Prehistoric and Roman Era: The area around Madrid has been inhabited since prehistoric times, with evidence of human presence dating back to the Paleolithic period. During the Roman era, Madrid was a small settlement known as "Matrice" and later became part of the Roman province of Tarraconensis.

2. Islamic Period: In the 9th century, Muslim armies from North Africa invaded the Iberian Peninsula and established the Emirate of Cordoba. Madrid fell under Muslim rule and became a walled city known as "Mayrit." During this period, the city experienced significant growth and development, with the construction of mosques, palaces, and public baths.

3. Christian Reconquest: In the 11th century, Christian armies from the Kingdom of Castile gradually pushed south and initiated the Reconquista. Madrid was recaptured by Alfonso VI of Castile in 1085. However, it was not until the 16th century that Madrid gained prominence as the capital of Spain under the rule of the Habsburg dynasty.

4. Habsburg Era: The Habsburg dynasty, particularly King Philip II, transformed Madrid into a political and cultural center. The city experienced rapid expansion with the construction of major landmarks like the Royal Palace and Plaza Mayor. Madrid also became an important hub for trade and commerce, attracting merchants from all over Europe.

5. Bourbon Dynasty and Modernization: In the 18th century, the Bourbon dynasty took over the Spanish throne, ushering in a period of modernization for Madrid. Under King Charles III, the city underwent significant urban planning and witnessed the construction of grand boulevards, parks, and iconic buildings like the Prado Museum and Puerta de Alcala. This era laid the foundation for Madrid's transformation into a cosmopolitan capital.


### Image Prompts List ###
prehistoric times, Paleolithic period, Roman era, small settlement, Roman province
Muslim invasion, Emirate of Cordoba, Mayrit, growth and development, mosques
Christian Reconquest, 11th century, Kingdom of Castile, Reconquista, Madrid capital, Habsburg dynasty
Habsburg dynasty, King Philip II, cultural center, rapid expansion, trade hub
Bourbon dynasty, modernization, urban planning, grand boulevards, cosmopolitan capital.

### Personalized Itinerary ###
Day 1: Arrive in Madrid, explore the city center, visit Plaza Mayor and Puerta del Sol.
Day 2: Attend a local football match at Santiago Bernabeu Stadium, home to Real Madrid.
Day 3: Visit Retiro Park for outdoor activities such as jogging, cycling, and rowing on the lake.
Day 4: Explore the Royal Palace, followed by a visit to the Reina Sofia Museum for art and culture.
Day 5: Take a day trip to Toledo to experience its historical architecture and visit the Halal-friendly Al-Qazeres Restaurant.
Day 6: Explore the Prado Museum, home to an impressive collection of European art.
Day 7: Spend the day shopping in Gran Via and enjoy a halal meal at Al-Farah Restaurant.
Note: Prices for flights and accommodation may vary.